app/seeds.txt
com.betterda.xsnano.Buy.BuyActivity
com.betterda.xsnano.Buy.BuyActivity: void onClick(android.view.View)
com.betterda.xsnano.R$anim: int abc_fade_in
com.betterda.xsnano.R$anim: int abc_fade_out
com.betterda.xsnano.R$anim: int abc_grow_fade_in_from_bottom
com.betterda.xsnano.R$anim: int abc_popup_enter
com.betterda.xsnano.R$anim: int abc_popup_exit
com.betterda.xsnano.R$anim: int abc_shrink_fade_out_from_bottom
com.betterda.xsnano.R$anim: int abc_slide_in_bottom
com.betterda.xsnano.R$anim: int abc_slide_in_top
com.betterda.xsnano.R$anim: int abc_slide_out_bottom
com.betterda.xsnano.R$anim: int abc_slide_out_top
com.betterda.xsnano.R$anim: int loading_animation
com.betterda.xsnano.R$anim: int popupwindow_hide
com.betterda.xsnano.R$anim: int popupwindow_show
com.betterda.xsnano.R$array: int smssdk_country_group_a
com.betterda.xsnano.R$array: int smssdk_country_group_b
com.betterda.xsnano.R$array: int smssdk_country_group_c
com.betterda.xsnano.R$array: int smssdk_country_group_d
com.betterda.xsnano.R$array: int smssdk_country_group_e
com.betterda.xsnano.R$array: int smssdk_country_group_f
com.betterda.xsnano.R$array: int smssdk_country_group_g
com.betterda.xsnano.R$array: int smssdk_country_group_h
com.betterda.xsnano.R$array: int smssdk_country_group_i
com.betterda.xsnano.R$array: int smssdk_country_group_j
com.betterda.xsnano.R$array: int smssdk_country_group_k
com.betterda.xsnano.R$array: int smssdk_country_group_l
com.betterda.xsnano.R$array: int smssdk_country_group_m
com.betterda.xsnano.R$array: int smssdk_country_group_n
com.betterda.xsnano.R$array: int smssdk_country_group_o
com.betterda.xsnano.R$array: int smssdk_country_group_p
com.betterda.xsnano.R$array: int smssdk_country_group_q
com.betterda.xsnano.R$array: int smssdk_country_group_r
com.betterda.xsnano.R$array: int smssdk_country_group_s
com.betterda.xsnano.R$array: int smssdk_country_group_t
com.betterda.xsnano.R$array: int smssdk_country_group_u
com.betterda.xsnano.R$array: int smssdk_country_group_v
com.betterda.xsnano.R$array: int smssdk_country_group_w
com.betterda.xsnano.R$array: int smssdk_country_group_x
com.betterda.xsnano.R$array: int smssdk_country_group_y
com.betterda.xsnano.R$array: int smssdk_country_group_z
com.betterda.xsnano.R$attr: int actionBarDivider
com.betterda.xsnano.R$attr: int actionBarItemBackground
com.betterda.xsnano.R$attr: int actionBarPopupTheme
com.betterda.xsnano.R$attr: int actionBarSize
com.betterda.xsnano.R$attr: int actionBarSplitStyle
com.betterda.xsnano.R$attr: int actionBarStyle
com.betterda.xsnano.R$attr: int actionBarTabBarStyle
com.betterda.xsnano.R$attr: int actionBarTabStyle
com.betterda.xsnano.R$attr: int actionBarTabTextStyle
com.betterda.xsnano.R$attr: int actionBarTheme
com.betterda.xsnano.R$attr: int actionBarWidgetTheme
com.betterda.xsnano.R$attr: int actionButtonStyle
com.betterda.xsnano.R$attr: int actionDropDownStyle
com.betterda.xsnano.R$attr: int actionLayout
com.betterda.xsnano.R$attr: int actionMenuTextAppearance
com.betterda.xsnano.R$attr: int actionMenuTextColor
com.betterda.xsnano.R$attr: int actionModeBackground
com.betterda.xsnano.R$attr: int actionModeCloseButtonStyle
com.betterda.xsnano.R$attr: int actionModeCloseDrawable
com.betterda.xsnano.R$attr: int actionModeCopyDrawable
com.betterda.xsnano.R$attr: int actionModeCutDrawable
com.betterda.xsnano.R$attr: int actionModeFindDrawable
com.betterda.xsnano.R$attr: int actionModePasteDrawable
com.betterda.xsnano.R$attr: int actionModePopupWindowStyle
com.betterda.xsnano.R$attr: int actionModeSelectAllDrawable
com.betterda.xsnano.R$attr: int actionModeShareDrawable
com.betterda.xsnano.R$attr: int actionModeSplitBackground
com.betterda.xsnano.R$attr: int actionModeStyle
...
com.unionpay.mobile.android.views.order.i
com.unionpay.mobile.android.views.order.i: i(android.content.Context)
com.unionpay.mobile.android.views.order.m
com.unionpay.mobile.android.views.order.m: m(android.content.Context)
com.unionpay.mobile.android.views.order.o
com.unionpay.mobile.android.widgets.UPWidget
com.unionpay.mobile.android.widgets.UPWidget: void deleteOnce(long)
com.unionpay.mobile.android.widgets.UPWidget: void appendOnce(long,java.lang.String)
com.unionpay.mobile.android.widgets.UPWidget: void clearAll(long)
com.unionpay.mobile.android.widgets.UPWidget: java.lang.String getMsgExtra(long,java.lang.String)
com.unionpay.mobile.android.widgets.UPWidget: java.lang.String getMsg(long)
com.unionpay.mobile.android.widgets.a
com.unionpay.mobile.android.widgets.ac
com.unionpay.mobile.android.widgets.ad
com.unionpay.mobile.android.widgets.ae
com.unionpay.mobile.android.widgets.ag
com.unionpay.mobile.android.widgets.ai
com.unionpay.mobile.android.widgets.an
com.unionpay.mobile.android.widgets.ao
com.unionpay.mobile.android.widgets.ar
com.unionpay.mobile.android.widgets.ar: ar(android.content.Context)
com.unionpay.mobile.android.widgets.as
com.unionpay.mobile.android.widgets.at
com.unionpay.mobile.android.widgets.au
com.unionpay.mobile.android.widgets.ax
com.unionpay.mobile.android.widgets.bc
com.unionpay.mobile.android.widgets.e
com.unionpay.mobile.android.widgets.f
com.unionpay.mobile.android.widgets.g
com.unionpay.mobile.android.widgets.k
com.unionpay.mobile.android.widgets.o
com.unionpay.mobile.android.widgets.o: o(android.content.Context)
com.unionpay.mobile.android.widgets.p
com.unionpay.mobile.android.widgets.t
com.unionpay.mobile.android.widgets.t: t(android.content.Context)
com.unionpay.mobile.android.widgets.t: void setOnTouchListener(android.view.View$OnTouchListener)
com.unionpay.mobile.android.widgets.x
com.unionpay.mobile.android.widgets.y
com.unionpay.mobile.android.widgets.z
com.unionpay.uppay.PayActivity
com.unionpay.uppay.PayActivity: PayActivity()
com.zhy.base.adapter.R$attr: int layoutManager
com.zhy.base.adapter.R$attr: int reverseLayout
com.zhy.base.adapter.R$attr: int spanCount
com.zhy.base.adapter.R$attr: int stackFromEnd
com.zhy.base.adapter.R$dimen: int activity_horizontal_margin
com.zhy.base.adapter.R$dimen: int activity_vertical_margin
com.zhy.base.adapter.R$dimen: int item_touch_helper_max_drag_scroll_per_frame
com.zhy.base.adapter.R$dimen: int item_touch_helper_swipe_escape_max_velocity
com.zhy.base.adapter.R$dimen: int item_touch_helper_swipe_escape_velocity
com.zhy.base.adapter.R$id: int item_touch_helper_previous_elevation
com.zhy.base.adapter.R$menu: int menu_main
com.zhy.base.adapter.R$mipmap: int ic_launcher
com.zhy.base.adapter.R$mipmap: int icon_photo
com.zhy.base.adapter.R$string: int action_settings
com.zhy.base.adapter.R$string: int app_name
com.zhy.base.adapter.R$string: int hello_world
com.zhy.base.adapter.R$styleable: int[] RecyclerView
com.zhy.base.adapter.R$styleable: int RecyclerView_android_orientation
com.zhy.base.adapter.R$styleable: int RecyclerView_layoutManager
com.zhy.base.adapter.R$styleable: int RecyclerView_reverseLayout
com.zhy.base.adapter.R$styleable: int RecyclerView_spanCount
com.zhy.base.adapter.R$styleable: int RecyclerView_stackFromEnd
com.zhy.base.adapter.recyclerview.EmptyRecyclerView
com.zhy.base.adapter.recyclerview.EmptyRecyclerView: EmptyRecyclerView(android.content.Context)
com.zhy.base.adapter.recyclerview.EmptyRecyclerView: EmptyRecyclerView(android.content.Context,android.util.AttributeSet)
com.zhy.base.adapter.recyclerview.EmptyRecyclerView: EmptyRecyclerView(android.content.Context,android.util.AttributeSet,int)
com.zhy.base.adapter.recyclerview.EmptyRecyclerView: void setAdapter(android.support.v7.widget.RecyclerView$Adapter)
com.zhy.base.adapter.recyclerview.EmptyRecyclerView: void setEmptyView(android.view.View)