app/mapping.txt
com.betterda.xsnano.BaseView -> com.betterda.xsnano.a:
    com.betterda.xsnano.view.LoadingPager getLoadPager() -> a
    android.app.Activity getmActivity() -> b
    android.content.Context getContext() -> getContext
com.betterda.xsnano.Buy.BuyActivity -> com.betterda.xsnano.Buy.BuyActivity:
    android.widget.LinearLayout linearLayout -> m
    com.betterda.xsnano.view.ScrollYScrollView myScrollView -> n
    android.widget.LinearLayout mBuyLayout -> o
    android.widget.LinearLayout mTopBuyLayout -> p
    com.betterda.xsnano.Buy.presenter.IBuyPresenter iBuyPresenter -> q
    android.support.v7.widget.RecyclerView recyclerView -> r
    java.util.List list -> s
    27:27:void <init>() -> <init>
    49:61:void initView() -> g
    65:68:void initListener() -> h
    72:94:void init() -> i
    98:99:void onScroll(int) -> b
    103:103:android.widget.LinearLayout getLinearLayout() -> j
    108:108:android.widget.LinearLayout getBuyLayout() -> k
    113:113:android.widget.LinearLayout getTopBuyLayout() -> l
    120:121:void scroll() -> m
    125:133:void onClick(android.view.View) -> onClick
    27:27:com.betterda.xsnano.view.ScrollYScrollView access$000(com.betterda.xsnano.Buy.BuyActivity) -> a
com.betterda.xsnano.Buy.BuyActivity$1 -> com.betterda.xsnano.Buy.BuyActivity$1:
    com.betterda.xsnano.Buy.BuyActivity this$0 -> a
    75:75:void <init>(com.betterda.xsnano.Buy.BuyActivity,android.content.Context,int,java.util.List) -> <init>
    79:85:void convert(com.zhy.base.adapter.ViewHolder,java.lang.String) -> a
    75:75:void convert(com.zhy.base.adapter.ViewHolder,java.lang.Object) -> a
com.betterda.xsnano.Buy.BuyActivity$1$1 -> com.betterda.xsnano.Buy.BuyActivity$1$1:
    com.zhy.base.adapter.ViewHolder val$viewHolder -> a
    com.betterda.xsnano.Buy.BuyActivity$1 this$1 -> b
    79:79:void <init>(com.betterda.xsnano.Buy.BuyActivity$1,com.zhy.base.adapter.ViewHolder) -> <init>
    82:83:void onClick(android.view.View) -> onClick
com.betterda.xsnano.Buy.BuyActivity$2 -> com.betterda.xsnano.Buy.BuyActivity$2:
    com.betterda.xsnano.Buy.BuyActivity this$0 -> a
    87:87:void <init>(com.betterda.xsnano.Buy.BuyActivity) -> <init>
    91:92:void run() -> run
com.betterda.xsnano.Buy.presenter.IBuyPresenter -> com.betterda.xsnano.Buy.a.a:
    void show() -> a
    void scroll(int) -> a
com.betterda.xsnano.Buy.presenter.IBuyPresenterImpl -> com.betterda.xsnano.Buy.a.b:
    com.betterda.xsnano.Buy.view.IBuyView iBuyView -> a
    14:16:void <init>(com.betterda.xsnano.Buy.view.IBuyView) -> <init>
    21:29:void show() -> a
    33:39:void scroll(int) -> a
    11:11:com.betterda.xsnano.Buy.view.IBuyView access$000(com.betterda.xsnano.Buy.presenter.IBuyPresenterImpl) -> a
com.betterda.xsnano.Buy.presenter.IBuyPresenterImpl$1 -> com.betterda.xsnano.Buy.a.b$1:
    com.betterda.xsnano.Buy.presenter.IBuyPresenterImpl this$0 -> a
    21:21:void <init>(com.betterda.xsnano.Buy.presenter.IBuyPresenterImpl) -> <init>
    25:27:void onGlobalLayout() -> onGlobalLayout
com.betterda.xsnano.Buy.view.IBuyView -> com.betterda.xsnano.Buy.b.a:
    android.widget.LinearLayout getLinearLayout() -> j
    android.widget.LinearLayout getBuyLayout() -> k
    android.widget.LinearLayout getTopBuyLayout() -> l
    void scroll() -> m
com.betterda.xsnano.IPresenter -> com.betterda.xsnano.b:
    void start() -> a
com.betterda.xsnano.R -> com.betterda.xsnano.c:
...
android.support.v4.widget.SlidingPaneLayout$LayoutParams -> android.support.v4.widget.SlidingPaneLayout$LayoutParams:
    int[] ATTRS -> e
    float weight -> a
    boolean slideable -> b
    boolean dimWhenOffset -> c
    android.graphics.Paint dimPaint -> d
    1403:1420:void <init>() -> <init>
    1403:1428:void <init>(android.view.ViewGroup$LayoutParams) -> <init>
    1403:1432:void <init>(android.view.ViewGroup$MarginLayoutParams) -> <init>
    1403:1445:void <init>(android.content.Context,android.util.AttributeSet) -> <init>
    1395:1395:void <clinit>() -> <clinit>
android.support.v4.widget.SlidingPaneLayout$PanelSlideListener -> android.support.v4.widget.SlidingPaneLayout$d:
    void onPanelSlide(android.view.View,float) -> a
    void onPanelOpened(android.view.View) -> a
    void onPanelClosed(android.view.View) -> b
android.support.v4.widget.SlidingPaneLayout$SavedState -> android.support.v4.widget.SlidingPaneLayout$SavedState:
    boolean isOpen -> a
    android.os.Parcelable$Creator CREATOR -> CREATOR
    1453:1454:void <init>(android.os.Parcelable) -> <init>
    1457:1459:void <init>(android.os.Parcel) -> <init>
    1463:1465:void writeToParcel(android.os.Parcel,int) -> writeToParcel
    1449:1449:void <init>(android.os.Parcel,android.support.v4.widget.SlidingPaneLayout$1) -> <init>
    1467:1467:void <clinit>() -> <clinit>
android.support.v4.widget.SlidingPaneLayout$SavedState$1 -> android.support.v4.widget.SlidingPaneLayout$SavedState$1:
    1468:1468:void <init>() -> <init>
    1470:1470:android.support.v4.widget.SlidingPaneLayout$SavedState createFromParcel(android.os.Parcel) -> a
    1474:1474:android.support.v4.widget.SlidingPaneLayout$SavedState[] newArray(int) -> a
    1468:1468:java.lang.Object[] newArray(int) -> newArray
    1468:1468:java.lang.Object createFromParcel(android.os.Parcel) -> createFromParcel
android.support.v4.widget.SlidingPaneLayout$SlidingPanelLayoutImpl -> android.support.v4.widget.SlidingPaneLayout$e:
    void invalidateChildRegion(android.support.v4.widget.SlidingPaneLayout,android.view.View) -> a
android.support.v4.widget.SlidingPaneLayout$SlidingPanelLayoutImplBase -> android.support.v4.widget.SlidingPaneLayout$f:
    1483:1483:void <init>() -> <init>
    1485:1487:void invalidateChildRegion(android.support.v4.widget.SlidingPaneLayout,android.view.View) -> a
android.support.v4.widget.SlidingPaneLayout$SlidingPanelLayoutImplJB -> android.support.v4.widget.SlidingPaneLayout$g:
    java.lang.reflect.Method mGetDisplayList -> a
    java.lang.reflect.Field mRecreateDisplayList -> b
    1502:1514:void <init>() -> <init>
    1518:1531:void invalidateChildRegion(android.support.v4.widget.SlidingPaneLayout,android.view.View) -> a
android.support.v4.widget.SlidingPaneLayout$SlidingPanelLayoutImplJBMR1 -> android.support.v4.widget.SlidingPaneLayout$h:
    1534:1534:void <init>() -> <init>
    1537:1538:void invalidateChildRegion(android.support.v4.widget.SlidingPaneLayout,android.view.View) -> a
android.support.v4.widget.Space -> android.support.v4.widget.Space:
    31:35:void <init>(android.content.Context,android.util.AttributeSet,int) -> <init>
    38:39:void <init>(android.content.Context,android.util.AttributeSet) -> <init>
    42:43:void <init>(android.content.Context) -> <init>
    52:52:void draw(android.graphics.Canvas) -> draw
    60:75:int getDefaultSize2(int,int) -> a
    80:83:void onMeasure(int,int) -> onMeasure