app/unused.txt
com.betterda.xsnano.BuildConfig
com.betterda.xsnano.R:
    10:3696:public R()
com.betterda.xsnano.R$anim
com.betterda.xsnano.R$array
com.betterda.xsnano.R$attr
com.betterda.xsnano.R$bool
com.betterda.xsnano.R$color
com.betterda.xsnano.R$dimen
com.betterda.xsnano.R$drawable
com.betterda.xsnano.R$id
com.betterda.xsnano.R$integer
com.betterda.xsnano.R$layout
com.betterda.xsnano.R$menu
com.betterda.xsnano.R$mipmap
com.betterda.xsnano.R$raw
com.betterda.xsnano.R$string
com.betterda.xsnano.R$style
com.betterda.xsnano.R$styleable:
    3696:3696:public R$styleable()
com.betterda.xsnano.acitivity.LuckPanViewActivity:
    private static final long ONE_WHEEL_TIME
com.betterda.xsnano.animation.CubeTransformer
com.betterda.xsnano.application.CrashHandler
com.betterda.xsnano.application.CrashHandler$1
com.betterda.xsnano.application.MyApplication:
    64:68:public void addActivity(android.app.Activity)
    75:87:public void exitProgress()
    107:108:public void setBusList(java.util.List)
com.betterda.xsnano.bus.presenter.IBusPresenterImpl:
    478:478:public void queryData()
com.betterda.xsnano.dialog.EditDialog:
    private java.lang.String content
    76:79:public void setTitle(java.lang.String)
com.betterda.xsnano.findpwd.presenter.IFindPwdPrensenterImpl$1$1
com.betterda.xsnano.goods.model.Comment:
    private int star
    14:14:public int getStar()
    18:19:public void setStar(int)
com.betterda.xsnano.goods.presenter.IGoodsDetailPresenter:
    public abstract void show()
com.betterda.xsnano.goods.presenter.IGoodsDetailPresenterImpl:
    368:368:public void show()
com.betterda.xsnano.goods.view.IGoodsDetailView:
    public abstract void closePopupWindow()
com.betterda.xsnano.home.HomeActivity:
    private java.util.List indicatorViewList
    private com.betterda.xsnano.home.adapter.MyAdapter adapter
    private com.betterda.xsnano.home.presenter.IHomePresenter iHomePresenter
    192:205:private void hide(android.support.v4.app.Fragment)
    267:267:public android.support.v4.view.ViewPager getVpager_main()
com.betterda.xsnano.home.adapter.MyAdapter
com.betterda.xsnano.home.presenter.IHomePresenter
com.betterda.xsnano.home.presenter.IHomePresenterImpl
com.betterda.xsnano.home.view.IHomeView
com.betterda.xsnano.interfac.OnListLoadNextPageListener
com.betterda.xsnano.login.LoginActivity:
    145:145:private void share()
    148:148:private java.lang.String buildTransaction(java.lang.String)
com.betterda.xsnano.login.presenter.ILoginPresenterImpl:
    private com.tencent.mm.sdk.openapi.IWXAPI api
com.betterda.xsnano.login.presenter.ILoginPresenterImpl$1$1
com.betterda.xsnano.message.model.Message:
    private boolean isRead
    12:12:public boolean isRead()
    16:17:public void setIsRead(boolean)
com.betterda.xsnano.order.ComfirmOrderActivity:
    161:161:public android.widget.RelativeLayout getRelaviteOrder()
com.betterda.xsnano.order.adapter.ComfirmOrderAdapter
com.betterda.xsnano.order.adapter.ComfirmOrderAdapter$OrderHolder
com.betterda.xsnano.order.presenter.IComfirmOrderPresenter:
    public abstract java.util.List getList()
    public abstract void onBindViewHolder(com.betterda.xsnano.order.adapter.ComfirmOrderAdapter$OrderHolder,int)
    public abstract void ziti()
    public abstract void kuaidi()
    public abstract void shi()
    public abstract void fou()
com.betterda.xsnano.order.presenter.IComfirmOrderPresenterImpl:
    484:484:public java.util.List getList()
    489:501:public void onBindViewHolder(com.betterda.xsnano.order.adapter.ComfirmOrderAdapter$OrderHolder,int)
    512:512:public void ziti()
    523:523:public void kuaidi()
    534:534:public void shi()
    545:545:public void fou()
com.betterda.xsnano.order.view.IComfirmOrderView:
    public abstract android.widget.RelativeLayout getRelaviteOrder()
com.betterda.xsnano.orderall.AfterSaleActivity:
    private java.lang.String refund_status
com.betterda.xsnano.orderall.OrderDetailActivity:
    410:433:private void getData3()
...
com.google.zxing.aztec.AztecReader
com.google.zxing.aztec.AztecWriter
com.google.zxing.aztec.decoder.Decoder
com.google.zxing.aztec.decoder.Decoder$1
com.google.zxing.aztec.decoder.Decoder$Table
com.google.zxing.aztec.detector.Detector
com.google.zxing.aztec.detector.Detector$Point
com.google.zxing.aztec.encoder.AztecCode
com.google.zxing.aztec.encoder.BinaryShiftToken
com.google.zxing.aztec.encoder.Encoder
com.google.zxing.aztec.encoder.HighLevelEncoder
com.google.zxing.aztec.encoder.HighLevelEncoder$1
com.google.zxing.aztec.encoder.SimpleToken
com.google.zxing.aztec.encoder.State
com.google.zxing.aztec.encoder.Token
com.google.zxing.client.result.AbstractDoCoMoResultParser
com.google.zxing.client.result.AddressBookAUResultParser
com.google.zxing.client.result.AddressBookDoCoMoResultParser
com.google.zxing.client.result.AddressBookParsedResult
com.google.zxing.client.result.BizcardResultParser
com.google.zxing.client.result.BookmarkDoCoMoResultParser
com.google.zxing.client.result.CalendarParsedResult
com.google.zxing.client.result.EmailAddressParsedResult
com.google.zxing.client.result.EmailAddressResultParser
com.google.zxing.client.result.EmailDoCoMoResultParser
com.google.zxing.client.result.ExpandedProductParsedResult
com.google.zxing.client.result.ExpandedProductResultParser
com.google.zxing.client.result.GeoParsedResult
com.google.zxing.client.result.GeoResultParser
com.google.zxing.client.result.ISBNParsedResult
com.google.zxing.client.result.ISBNResultParser
com.google.zxing.client.result.ParsedResult
com.google.zxing.client.result.ParsedResultType
com.google.zxing.client.result.ProductParsedResult
com.google.zxing.client.result.ProductResultParser
com.google.zxing.client.result.ResultParser
com.google.zxing.client.result.SMSMMSResultParser
com.google.zxing.client.result.SMSParsedResult
com.google.zxing.client.result.SMSTOMMSTOResultParser
com.google.zxing.client.result.SMTPResultParser
com.google.zxing.client.result.TelParsedResult
com.google.zxing.client.result.TelResultParser
com.google.zxing.client.result.TextParsedResult
com.google.zxing.client.result.URIParsedResult
com.google.zxing.client.result.URIResultParser
com.google.zxing.client.result.URLTOResultParser
com.google.zxing.client.result.VCardResultParser
com.google.zxing.client.result.VEventResultParser
com.google.zxing.client.result.VINParsedResult
com.google.zxing.client.result.VINResultParser
com.google.zxing.client.result.WifiParsedResult
com.google.zxing.client.result.WifiResultParser
com.google.zxing.common.BitArray:
    36:39:public BitArray(int)
    77:78:public void set(int)
    86:87:public void flip(int)
    96:110:public int getNextSet(int)
    119:133:public int getNextUnset(int)
    144:145:public void setBulk(int,int)
    154:177:public void setRange(int,int)
    183:187:public void clear()
    199:227:public boolean isRange(int,int,boolean)
    301:301:public int[] getBitArray()
    308:338:public void reverse()
com.google.zxing.common.BitMatrix:
    45:46:public BitMatrix(int)
    84:86:public void set(int,int)
    95:97:public void flip(int,int)
    103:107:public void clear()
    146:155:public com.google.zxing.common.BitArray getRow(int,com.google.zxing.common.BitArray)
    163:164:public void setRow(int,com.google.zxing.common.BitArray)
    170:182:public void rotate180()
    190:234:public int[] getEnclosingRectangle()
    243:259:public int[] getTopLeftOnBit()
    263:281:public int[] getBottomRightOnBit()
com.google.zxing.common.BitSource
com.google.zxing.common.DecoderResult
com.google.zxing.common.DefaultGridSampler
com.google.zxing.common.DetectorResult
com.google.zxing.common.GlobalHistogramBinarizer
com.google.zxing.common.GridSampler
com.google.zxing.common.HybridBinarizer
com.google.zxing.common.PerspectiveTransform
com.google.zxing.common.StringUtils
com.google.zxing.common.detector.MathUtils
com.google.zxing.common.detector.MonochromeRectangleDetector
com.google.zxing.common.detector.WhiteRectangleDetector